<?xml version="1.0" encoding="UTF-8"?>
<testng-results skipped="0" failed="0" ignored="0" total="8" passed="8">
  <reporter-output>
  </reporter-output>
  <suite name="FunctionalTestingSuite" duration-ms="66870" started-at="2025-04-07T12:03:44 EDT" finished-at="2025-04-07T12:04:51 EDT">
    <groups>
    </groups>
    <test name="RegressionTesting" duration-ms="65472" started-at="2025-04-07T12:03:44 EDT" finished-at="2025-04-07T12:04:50 EDT">
      <class name="Capstone.AutomationPractice12.Property">
        <test-method status="PASS" signature="Browsers(java.lang.String,java.lang.String)[pri:0, instance:Capstone.AutomationPractice12.Property@3aeaafa6]" name="Browsers" is-config="true" duration-ms="2033" started-at="2025-04-07T12:04:41 EDT" finished-at="2025-04-07T12:04:43 EDT">
          <params>
            <param index="0">
              <value>
                <![CDATA[Chrome]]>
              </value>
            </param>
            <param index="1">
              <value>
                <![CDATA[https://www.facebook.com/]]>
              </value>
            </param>
          </params>
          <reporter-output>
          </reporter-output>
        </test-method> <!-- Browsers -->
        <test-method status="PASS" signature="f()[pri:0, instance:Capstone.AutomationPractice12.Property@3aeaafa6]" name="f" duration-ms="89" started-at="2025-04-07T12:04:43 EDT" finished-at="2025-04-07T12:04:43 EDT">
          <reporter-output>
          </reporter-output>
        </test-method> <!-- f -->
        <test-method status="PASS" signature="afterMethod()[pri:0, instance:Capstone.AutomationPractice12.Property@3aeaafa6]" name="afterMethod" is-config="true" duration-ms="6778" started-at="2025-04-07T12:04:43 EDT" finished-at="2025-04-07T12:04:50 EDT">
          <reporter-output>
          </reporter-output>
        </test-method> <!-- afterMethod -->
      </class> <!-- Capstone.AutomationPractice12.Property -->
      <class name="Capstone.AutomationPractice12.Points">
        <test-method status="PASS" signature="Browsers(java.lang.String,java.lang.String)[pri:0, instance:Capstone.AutomationPractice12.Points@32d2fa64]" name="Browsers" is-config="true" duration-ms="3173" started-at="2025-04-07T12:03:44 EDT" finished-at="2025-04-07T12:03:48 EDT">
          <params>
            <param index="0">
              <value>
                <![CDATA[Chrome]]>
              </value>
            </param>
            <param index="1">
              <value>
                <![CDATA[https://www.facebook.com/]]>
              </value>
            </param>
          </params>
          <reporter-output>
          </reporter-output>
        </test-method> <!-- Browsers -->
        <test-method status="PASS" signature="f(java.lang.String,java.lang.String)[pri:0, instance:Capstone.AutomationPractice12.Points@32d2fa64]" name="f" duration-ms="428" started-at="2025-04-07T12:03:48 EDT" data-provider="dp" finished-at="2025-04-07T12:03:48 EDT">
          <params>
            <param index="0">
              <value>
                <![CDATA[Ali]]>
              </value>
            </param>
            <param index="1">
              <value>
                <![CDATA[abcdef]]>
              </value>
            </param>
          </params>
          <reporter-output>
          </reporter-output>
        </test-method> <!-- f -->
        <test-method status="PASS" signature="afterMethod()[pri:0, instance:Capstone.AutomationPractice12.Points@32d2fa64]" name="afterMethod" is-config="true" duration-ms="7209" started-at="2025-04-07T12:03:57 EDT" finished-at="2025-04-07T12:04:04 EDT">
          <reporter-output>
          </reporter-output>
        </test-method> <!-- afterMethod -->
        <test-method status="PASS" signature="Browsers(java.lang.String,java.lang.String)[pri:0, instance:Capstone.AutomationPractice12.Points@32d2fa64]" name="Browsers" is-config="true" duration-ms="2278" started-at="2025-04-07T12:04:04 EDT" finished-at="2025-04-07T12:04:07 EDT">
          <params>
            <param index="0">
              <value>
                <![CDATA[Chrome]]>
              </value>
            </param>
            <param index="1">
              <value>
                <![CDATA[https://www.facebook.com/]]>
              </value>
            </param>
          </params>
          <reporter-output>
          </reporter-output>
        </test-method> <!-- Browsers -->
        <test-method status="PASS" signature="f(java.lang.String,java.lang.String)[pri:0, instance:Capstone.AutomationPractice12.Points@32d2fa64]" name="f" duration-ms="535" started-at="2025-04-07T12:04:07 EDT" data-provider="dp" finished-at="2025-04-07T12:04:07 EDT">
          <params>
            <param index="0">
              <value>
                <![CDATA[Saleem]]>
              </value>
            </param>
            <param index="1">
              <value>
                <![CDATA[ghijkl]]>
              </value>
            </param>
          </params>
          <reporter-output>
          </reporter-output>
        </test-method> <!-- f -->
        <test-method status="PASS" signature="afterMethod()[pri:0, instance:Capstone.AutomationPractice12.Points@32d2fa64]" name="afterMethod" is-config="true" duration-ms="7149" started-at="2025-04-07T12:04:09 EDT" finished-at="2025-04-07T12:04:16 EDT">
          <reporter-output>
          </reporter-output>
        </test-method> <!-- afterMethod -->
        <test-method status="PASS" signature="Browsers(java.lang.String,java.lang.String)[pri:0, instance:Capstone.AutomationPractice12.Points@32d2fa64]" name="Browsers" is-config="true" duration-ms="2313" started-at="2025-04-07T12:04:16 EDT" finished-at="2025-04-07T12:04:18 EDT">
          <params>
            <param index="0">
              <value>
                <![CDATA[Chrome]]>
              </value>
            </param>
            <param index="1">
              <value>
                <![CDATA[https://www.facebook.com/]]>
              </value>
            </param>
          </params>
          <reporter-output>
          </reporter-output>
        </test-method> <!-- Browsers -->
        <test-method status="PASS" signature="f(java.lang.String,java.lang.String)[pri:0, instance:Capstone.AutomationPractice12.Points@32d2fa64]" name="f" duration-ms="618" started-at="2025-04-07T12:04:18 EDT" data-provider="dp" finished-at="2025-04-07T12:04:19 EDT">
          <params>
            <param index="0">
              <value>
                <![CDATA[Rabia]]>
              </value>
            </param>
            <param index="1">
              <value>
                <![CDATA[mnopqrs]]>
              </value>
            </param>
          </params>
          <reporter-output>
          </reporter-output>
        </test-method> <!-- f -->
        <test-method status="PASS" signature="afterMethod()[pri:0, instance:Capstone.AutomationPractice12.Points@32d2fa64]" name="afterMethod" is-config="true" duration-ms="6834" started-at="2025-04-07T12:04:34 EDT" finished-at="2025-04-07T12:04:41 EDT">
          <reporter-output>
          </reporter-output>
        </test-method> <!-- afterMethod -->
      </class> <!-- Capstone.AutomationPractice12.Points -->
    </test> <!-- RegressionTesting -->
    <test name="RegressionTestingEdge" duration-ms="66870" started-at="2025-04-07T12:03:44 EDT" finished-at="2025-04-07T12:04:51 EDT">
      <class name="Capstone.AutomationPractice12.Property">
        <test-method status="PASS" signature="Browsers(java.lang.String,java.lang.String)[pri:0, instance:Capstone.AutomationPractice12.Property@13eb8acf]" name="Browsers" is-config="true" duration-ms="2299" started-at="2025-04-07T12:04:42 EDT" finished-at="2025-04-07T12:04:44 EDT">
          <params>
            <param index="0">
              <value>
                <![CDATA[Edge]]>
              </value>
            </param>
            <param index="1">
              <value>
                <![CDATA[https://www.facebook.com/]]>
              </value>
            </param>
          </params>
          <reporter-output>
          </reporter-output>
        </test-method> <!-- Browsers -->
        <test-method status="PASS" signature="f()[pri:0, instance:Capstone.AutomationPractice12.Property@13eb8acf]" name="f" duration-ms="18" started-at="2025-04-07T12:04:44 EDT" finished-at="2025-04-07T12:04:44 EDT">
          <reporter-output>
          </reporter-output>
        </test-method> <!-- f -->
        <test-method status="PASS" signature="afterMethod()[pri:0, instance:Capstone.AutomationPractice12.Property@13eb8acf]" name="afterMethod" is-config="true" duration-ms="6931" started-at="2025-04-07T12:04:44 EDT" finished-at="2025-04-07T12:04:51 EDT">
          <reporter-output>
          </reporter-output>
        </test-method> <!-- afterMethod -->
      </class> <!-- Capstone.AutomationPractice12.Property -->
      <class name="Capstone.AutomationPractice12.Points">
        <test-method status="PASS" signature="Browsers(java.lang.String,java.lang.String)[pri:0, instance:Capstone.AutomationPractice12.Points@543c6f6d]" name="Browsers" is-config="true" duration-ms="3168" started-at="2025-04-07T12:03:44 EDT" finished-at="2025-04-07T12:03:48 EDT">
          <params>
            <param index="0">
              <value>
                <![CDATA[Edge]]>
              </value>
            </param>
            <param index="1">
              <value>
                <![CDATA[https://www.facebook.com/]]>
              </value>
            </param>
          </params>
          <reporter-output>
          </reporter-output>
        </test-method> <!-- Browsers -->
        <test-method status="PASS" signature="f(java.lang.String,java.lang.String)[pri:0, instance:Capstone.AutomationPractice12.Points@543c6f6d]" name="f" duration-ms="514" started-at="2025-04-07T12:03:48 EDT" data-provider="dp" finished-at="2025-04-07T12:03:48 EDT">
          <params>
            <param index="0">
              <value>
                <![CDATA[Ali]]>
              </value>
            </param>
            <param index="1">
              <value>
                <![CDATA[abcdef]]>
              </value>
            </param>
          </params>
          <reporter-output>
          </reporter-output>
        </test-method> <!-- f -->
        <test-method status="PASS" signature="afterMethod()[pri:0, instance:Capstone.AutomationPractice12.Points@543c6f6d]" name="afterMethod" is-config="true" duration-ms="7367" started-at="2025-04-07T12:03:57 EDT" finished-at="2025-04-07T12:04:05 EDT">
          <reporter-output>
          </reporter-output>
        </test-method> <!-- afterMethod -->
        <test-method status="PASS" signature="Browsers(java.lang.String,java.lang.String)[pri:0, instance:Capstone.AutomationPractice12.Points@543c6f6d]" name="Browsers" is-config="true" duration-ms="2496" started-at="2025-04-07T12:04:05 EDT" finished-at="2025-04-07T12:04:07 EDT">
          <params>
            <param index="0">
              <value>
                <![CDATA[Edge]]>
              </value>
            </param>
            <param index="1">
              <value>
                <![CDATA[https://www.facebook.com/]]>
              </value>
            </param>
          </params>
          <reporter-output>
          </reporter-output>
        </test-method> <!-- Browsers -->
        <test-method status="PASS" signature="f(java.lang.String,java.lang.String)[pri:0, instance:Capstone.AutomationPractice12.Points@543c6f6d]" name="f" duration-ms="506" started-at="2025-04-07T12:04:07 EDT" data-provider="dp" finished-at="2025-04-07T12:04:08 EDT">
          <params>
            <param index="0">
              <value>
                <![CDATA[Saleem]]>
              </value>
            </param>
            <param index="1">
              <value>
                <![CDATA[ghijkl]]>
              </value>
            </param>
          </params>
          <reporter-output>
          </reporter-output>
        </test-method> <!-- f -->
        <test-method status="PASS" signature="afterMethod()[pri:0, instance:Capstone.AutomationPractice12.Points@543c6f6d]" name="afterMethod" is-config="true" duration-ms="7319" started-at="2025-04-07T12:04:09 EDT" finished-at="2025-04-07T12:04:17 EDT">
          <reporter-output>
          </reporter-output>
        </test-method> <!-- afterMethod -->
        <test-method status="PASS" signature="Browsers(java.lang.String,java.lang.String)[pri:0, instance:Capstone.AutomationPractice12.Points@543c6f6d]" name="Browsers" is-config="true" duration-ms="2347" started-at="2025-04-07T12:04:17 EDT" finished-at="2025-04-07T12:04:19 EDT">
          <params>
            <param index="0">
              <value>
                <![CDATA[Edge]]>
              </value>
            </param>
            <param index="1">
              <value>
                <![CDATA[https://www.facebook.com/]]>
              </value>
            </param>
          </params>
          <reporter-output>
          </reporter-output>
        </test-method> <!-- Browsers -->
        <test-method status="PASS" signature="f(java.lang.String,java.lang.String)[pri:0, instance:Capstone.AutomationPractice12.Points@543c6f6d]" name="f" duration-ms="407" started-at="2025-04-07T12:04:19 EDT" data-provider="dp" finished-at="2025-04-07T12:04:20 EDT">
          <params>
            <param index="0">
              <value>
                <![CDATA[Rabia]]>
              </value>
            </param>
            <param index="1">
              <value>
                <![CDATA[mnopqrs]]>
              </value>
            </param>
          </params>
          <reporter-output>
          </reporter-output>
        </test-method> <!-- f -->
        <test-method status="PASS" signature="afterMethod()[pri:0, instance:Capstone.AutomationPractice12.Points@543c6f6d]" name="afterMethod" is-config="true" duration-ms="6975" started-at="2025-04-07T12:04:35 EDT" finished-at="2025-04-07T12:04:42 EDT">
          <reporter-output>
          </reporter-output>
        </test-method> <!-- afterMethod -->
      </class> <!-- Capstone.AutomationPractice12.Points -->
    </test> <!-- RegressionTestingEdge -->
  </suite> <!-- FunctionalTestingSuite -->
</testng-results>
