<?xml version="1.0" encoding="UTF-8"?>
<!-- Generated by org.testng.reporters.JUnitXMLReporter -->
<testsuite hostname="Riaz" ignored="0" name="RegressionTesting" tests="4" failures="0" timestamp="2025-04-07T12:04:50 EDT" time="65.472" errors="0">
  <testcase name="f" time="0.428" classname="Capstone.AutomationPractice12.Points"/>
  <testcase name="f" time="0.535" classname="Capstone.AutomationPractice12.Points"/>
  <testcase name="f" time="0.618" classname="Capstone.AutomationPractice12.Points"/>
  <testcase name="f" time="0.089" classname="Capstone.AutomationPractice12.Property"/>
</testsuite> <!-- RegressionTesting -->
