<?xml version="1.0" encoding="UTF-8"?>
<!-- Generated by org.testng.reporters.JUnitXMLReporter -->
<testsuite hostname="Riaz" ignored="0" name="RegressionTestingEdge" tests="4" failures="0" timestamp="2025-04-07T12:04:51 EDT" time="66.87" errors="0">
  <testcase name="f" time="0.514" classname="Capstone.AutomationPractice12.Points"/>
  <testcase name="f" time="0.506" classname="Capstone.AutomationPractice12.Points"/>
  <testcase name="f" time="0.407" classname="Capstone.AutomationPractice12.Points"/>
  <testcase name="f" time="0.018" classname="Capstone.AutomationPractice12.Property"/>
</testsuite> <!-- RegressionTestingEdge -->
